your memory page size is 4096 bytes
detected max file descriptor number: 1048576
lock engine: pthread robust mutexes
thunder lock: disabled (you can enable it with --thunder-lock)
uwsgi socket 0 bound to TCP address :5050 fd 3
uWSGI running as root, you can use --uid/--gid/--chroot options
*** WARNING: you are running uWSGI as root !!! (use the --uid flag) *** 
Python version: 3.4.3 (default, Nov 28 2017, 16:44:58)  [GCC 4.8.4]
your memory page size is 4096 bytes
detected max file descriptor number: 1048576
lock engine: pthread robust mutexes
thunder lock: disabled (you can enable it with --thunder-lock)
uwsgi socket 0 bound to TCP address :5080 fd 3
uWSGI running as root, you can use --uid/--gid/--chroot options
*** WARNING: you are running uWSGI as root !!! (use the --uid flag) *** 
Python version: 3.4.3 (default, Nov 28 2017, 16:44:58)  [GCC 4.8.4]
Python main interpreter initialized at 0x2102780
uWSGI running as root, you can use --uid/--gid/--chroot options
*** WARNING: you are running uWSGI as root !!! (use the --uid flag) *** 
python threads support enabled
your server socket listen backlog is limited to 100 connections
your mercy for graceful operations on workers is 60 seconds
mapped 364520 bytes (355 KB) for 4 cores
*** Operational MODE: preforking ***
Python main interpreter initialized at 0x2133780
uWSGI running as root, you can use --uid/--gid/--chroot options
*** WARNING: you are running uWSGI as root !!! (use the --uid flag) *** 
python threads support enabled
your server socket listen backlog is limited to 100 connections
your mercy for graceful operations on workers is 60 seconds
mapped 364520 bytes (355 KB) for 4 cores
*** Operational MODE: preforking ***
--------------------------------------------------------------------------------
INFO in app [./app.py:25]:
=============================================================================
--------------------------------------------------------------------------------
2018-03-09 02:10:52,073 INFO: ============================================================================= [in ./app.py:25]
--------------------------------------------------------------------------------
INFO in app [./app.py:26]:
                        'crwaler-db' app started.
--------------------------------------------------------------------------------
2018-03-09 02:10:52,075 INFO:                         'crwaler-db' app started. [in ./app.py:26]
--------------------------------------------------------------------------------
INFO in app [./app.py:27]:
=============================================================================
--------------------------------------------------------------------------------
2018-03-09 02:10:52,076 INFO: ============================================================================= [in ./app.py:27]
--------------------------------------------------------------------------------
INFO in app [./app.py:24]:
=============================================================================
--------------------------------------------------------------------------------
2018-03-09 02:10:52,158 INFO: ============================================================================= [in ./app.py:24]
--------------------------------------------------------------------------------
INFO in app [./app.py:25]:
                        'crwaler-web' app started.
--------------------------------------------------------------------------------
2018-03-09 02:10:52,160 INFO:                         'crwaler-web' app started. [in ./app.py:25]
--------------------------------------------------------------------------------
INFO in app [./app.py:26]:
=============================================================================
--------------------------------------------------------------------------------
2018-03-09 02:10:52,161 INFO: ============================================================================= [in ./app.py:26]
--------------------------------------------------------------------------------
INFO in app [./app.py:32]:
WEB-APP REST API ready ...)
--------------------------------------------------------------------------------
2018-03-09 02:10:52,162 INFO: WEB-APP REST API ready ...) [in ./app.py:32]
WSGI app 0 (mountpoint='') ready in 1 seconds on interpreter 0x2133780 pid: 6 (default app)
uWSGI running as root, you can use --uid/--gid/--chroot options
*** WARNING: you are running uWSGI as root !!! (use the --uid flag) *** 
*** uWSGI is running in multiple interpreter mode ***
spawned uWSGI master process (pid: 6)
spawned uWSGI worker 1 (pid: 8, cores: 1)
spawned uWSGI worker 2 (pid: 10, cores: 1)
spawned uWSGI worker 3 (pid: 12, cores: 1)
spawned uWSGI worker 4 (pid: 13, cores: 1)
Python auto-reloader enabled
--------------------------------------------------------------------------------
INFO in app [./app.py:40]:
APP REST API ready ...)
--------------------------------------------------------------------------------
2018-03-09 02:10:52,269 INFO: APP REST API ready ...) [in ./app.py:40]
WSGI app 0 (mountpoint='') ready in 1 seconds on interpreter 0x2102780 pid: 7 (default app)
uWSGI running as root, you can use --uid/--gid/--chroot options
*** WARNING: you are running uWSGI as root !!! (use the --uid flag) *** 
*** uWSGI is running in multiple interpreter mode ***
spawned uWSGI master process (pid: 7)
spawned uWSGI worker 1 (pid: 9, cores: 1)
spawned uWSGI worker 2 (pid: 11, cores: 1)
Python auto-reloader enabled
spawned uWSGI worker 3 (pid: 13, cores: 1)
spawned uWSGI worker 4 (pid: 15, cores: 1)
